<?xml version="1.0" encoding="UTF-8"?>
<robot generator="Robot 4.1.3 (Python 3.7.5 on win32)" generated="20220406 08:19:54.723" rpa="true" schemaversion="2">
<suite id="s1" name="Producer" source="c:\Users\matti\Documents\RBCORP\Etuovi\producer.robot">
<test id="s1-t1" name="Produce items">
<kw name="Log" library="BuiltIn">
<arg>c:\\Users\\matti\\Documents\\RBCORP\\Etuovi</arg>
<doc>Logs the given message with the given level.</doc>
<msg timestamp="20220406 08:19:57.527" level="INFO">c:\Users\matti\Documents\RBCORP\Etuovi</msg>
<status status="PASS" starttime="20220406 08:19:57.527" endtime="20220406 08:19:57.532"/>
</kw>
<kw name="Create Work Items" library="Etuovi">
<msg timestamp="20220406 08:19:57.533" level="INFO">Resolving input path: c:\Users\matti\Documents\RBCORP\Etuovi\devdata\work-items-in\test-input-for-producer\work-items.json</msg>
<msg timestamp="20220406 08:19:57.534" level="INFO">Creating an instance of the Chrome WebDriver.</msg>
<msg timestamp="20220406 08:20:00.844" level="INFO">Created download root directory: C:\Users\matti\AppData\Local\robocorp\webdrivers</msg>
<msg timestamp="20220406 08:20:00.845" level="INFO">Created symlink directory: C:\Users\matti\AppData\Local\robocorp\webdrivers</msg>
<msg timestamp="20220406 08:20:00.846" level="INFO">Creating an instance of the Chrome WebDriver.</msg>
<msg timestamp="20220406 08:20:01.980" level="INFO">Created Chrome browser with arguments: --disable-dev-shm-usage --disable-web-security --allow-running-insecure-content --no-sandbox</msg>
<msg timestamp="20220406 08:20:01.980" level="INFO" html="true">&lt;p&gt;Attempted combinations:&lt;/p&gt;&lt;div class="doc"&gt;&lt;table&gt;&lt;tr&gt;&lt;th&gt;Browser&lt;/th&gt;&lt;th&gt;Download&lt;/th&gt;&lt;th&gt;Error&lt;/th&gt;&lt;/tr&gt;&lt;tr&gt;&lt;td&gt;Chrome&lt;/td&gt;&lt;td&gt;False&lt;/td&gt;&lt;td&gt;Message: session not created: This version of ChromeDriver only supports Chrome version 89
Current browser version is 100.0.4896.75 with binary path C:\Program Files\Google\Chrome\Application\chrome.exe
&lt;/td&gt;&lt;/tr&gt;&lt;tr&gt;&lt;td&gt;Chrome&lt;/td&gt;&lt;td&gt;True&lt;/td&gt;&lt;td&gt;&lt;/td&gt;&lt;/tr&gt;&lt;/table&gt;&lt;/div&gt;</msg>
<msg timestamp="20220406 08:20:01.980" level="INFO">Opening url 'https://www.etuovi.com/haku/myytavat-asunnot'</msg>
<kw name="Navigate To Search" library="Etuovi">
<msg timestamp="20220406 08:20:03.235" level="INFO">Opening url 'https://www.etuovi.com/haku/myytavat-asunnot'</msg>
<msg timestamp="20220406 08:20:04.791" level="INFO">Clicking button '&lt;selenium.webdriver.remote.webelement.WebElement (session="48b1d6ca9f1bab42ec854bd1d4ab3b64", element="f9cb2e12-4c25-4570-aedb-49ac95d6868b")&gt;'.</msg>
<status status="PASS" starttime="20220406 08:20:03.234" endtime="20220406 08:20:05.725"/>
</kw>
<msg timestamp="20220406 08:20:05.758" level="INFO">Typing text 'Pirkanmaa' into text field '//input[@placeholder='Sijainti tai kohdenumero']'.</msg>
<msg timestamp="20220406 08:20:06.392" level="INFO">Selecting checkbox '//input[@name='OWN']'.</msg>
<msg timestamp="20220406 08:20:06.466" level="INFO">Verifying checkbox '//input[@name='OWN']' is selected.</msg>
<msg timestamp="20220406 08:20:06.492" level="INFO">Selecting checkbox 'name:PARTIAL_OWNERSHIP'.</msg>
<msg timestamp="20220406 08:20:06.587" level="INFO">Verifying checkbox 'name:PARTIAL_OWNERSHIP' is selected.</msg>
<msg timestamp="20220406 08:20:06.812" level="INFO">Clicking button 'id:searchButton'.</msg>
<kw name="Get All Hrefs" library="Etuovi">
<msg timestamp="20220406 08:20:07.711" level="INFO">Clicking button 'id:paginationNext'.</msg>
<msg timestamp="20220406 08:20:08.490" level="INFO">Clicking button 'id:paginationNext'.</msg>
<msg timestamp="20220406 08:20:09.292" level="INFO">Clicking button 'id:paginationNext'.</msg>
<msg timestamp="20220406 08:20:10.070" level="INFO">Clicking button 'id:paginationNext'.</msg>
<msg timestamp="20220406 08:20:10.788" level="INFO">Clicking button 'id:paginationNext'.</msg>
<msg timestamp="20220406 08:20:11.531" level="INFO">Clicking button 'id:paginationNext'.</msg>
<msg timestamp="20220406 08:20:12.248" level="INFO">Clicking button 'id:paginationNext'.</msg>
<msg timestamp="20220406 08:20:12.807" level="INFO">Message: stale element reference: element is not attached to the page document
  (Session info: chrome=100.0.4896.75)

Message: stale element reference: element is not attached to the page document
  (Session info: chrome=100.0.4896.75)

Message: stale element reference: element is not attached to the page document
  (Session info: chrome=100.0.4896.75)

Message: stale element reference: element is not attached to the page document
  (Session info: chrome=100.0.4896.75)

Message: stale element reference: element is not attached to the page document
  (Session info: chrome=100.0.4896.75)

Message: stale element reference: element is not attached to the page document
  (Session info: chrome=100.0.4896.75)

next is disabled, stopping!</msg>
<status status="PASS" starttime="20220406 08:20:07.562" endtime="20220406 08:20:12.807"/>
</kw>
<msg timestamp="20220406 08:20:12.807" level="INFO">id = 526968</msg>
<msg timestamp="20220406 08:20:12.807" level="INFO">href = https://www.etuovi.com/kohde/526968</msg>
<msg timestamp="20220406 08:20:12.808" level="INFO">Saved into output file: C:\Users\matti\Documents\RBCORP\Etuovi\devdata\work-items-out\run-5\work-items.json</msg>
<msg timestamp="20220406 08:20:12.808" level="INFO">id = 20776170</msg>
<msg timestamp="20220406 08:20:12.809" level="INFO">href = https://www.etuovi.com/kohde/20776170</msg>
<msg timestamp="20220406 08:20:12.809" level="INFO">Saved into output file: C:\Users\matti\Documents\RBCORP\Etuovi\devdata\work-items-out\run-5\work-items.json</msg>
<msg timestamp="20220406 08:20:12.809" level="INFO">id = 1320143</msg>
<msg timestamp="20220406 08:20:12.809" level="INFO">href = https://www.etuovi.com/kohde/1320143</msg>
<msg timestamp="20220406 08:20:12.810" level="INFO">Saved into output file: C:\Users\matti\Documents\RBCORP\Etuovi\devdata\work-items-out\run-5\work-items.json</msg>
<msg timestamp="20220406 08:20:12.810" level="INFO">id = 70031924</msg>
<msg timestamp="20220406 08:20:12.810" level="INFO">href = https://www.etuovi.com/kohde/70031924</msg>
<msg timestamp="20220406 08:20:12.811" level="INFO">Saved into output file: C:\Users\matti\Documents\RBCORP\Etuovi\devdata\work-items-out\run-5\work-items.json</msg>
<msg timestamp="20220406 08:20:12.811" level="INFO">id = 1321078</msg>
<msg timestamp="20220406 08:20:12.811" level="INFO">href = https://www.etuovi.com/kohde/1321078</msg>
<msg timestamp="20220406 08:20:12.812" level="INFO">Saved into output file: C:\Users\matti\Documents\RBCORP\Etuovi\devdata\work-items-out\run-5\work-items.json</msg>
<msg timestamp="20220406 08:20:12.812" level="INFO">id = 527248</msg>
<msg timestamp="20220406 08:20:12.812" level="INFO">href = https://www.etuovi.com/kohde/527248</msg>
<msg timestamp="20220406 08:20:12.812" level="INFO">Saved into output file: C:\Users\matti\Documents\RBCORP\Etuovi\devdata\work-items-out\run-5\work-items.json</msg>
<msg timestamp="20220406 08:20:12.812" level="INFO">id = s88827</msg>
<msg timestamp="20220406 08:20:12.813" level="INFO">href = https://www.etuovi.com/kohde/s88827</msg>
<msg timestamp="20220406 08:20:12.813" level="INFO">Saved into output file: C:\Users\matti\Documents\RBCORP\Etuovi\devdata\work-items-out\run-5\work-items.json</msg>
<msg timestamp="20220406 08:20:12.813" level="INFO">id = 20029543</msg>
<msg timestamp="20220406 08:20:12.813" level="INFO">href = https://www.etuovi.com/kohde/20029543</msg>
<msg timestamp="20220406 08:20:12.815" level="INFO">Saved into output file: C:\Users\matti\Documents\RBCORP\Etuovi\devdata\work-items-out\run-5\work-items.json</msg>
<msg timestamp="20220406 08:20:12.815" level="INFO">id = 21152747</msg>
<msg timestamp="20220406 08:20:12.815" level="INFO">href = https://www.etuovi.com/kohde/21152747</msg>
<msg timestamp="20220406 08:20:12.815" level="INFO">Saved into output file: C:\Users\matti\Documents\RBCORP\Etuovi\devdata\work-items-out\run-5\work-items.json</msg>
<msg timestamp="20220406 08:20:12.815" level="INFO">id = 21790320</msg>
<msg timestamp="20220406 08:20:12.816" level="INFO">href = https://www.etuovi.com/kohde/21790320</msg>
<msg timestamp="20220406 08:20:12.816" level="INFO">Saved into output file: C:\Users\matti\Documents\RBCORP\Etuovi\devdata\work-items-out\run-5\work-items.json</msg>
<msg timestamp="20220406 08:20:12.816" level="INFO">id = 527396</msg>
<msg timestamp="20220406 08:20:12.816" level="INFO">href = https://www.etuovi.com/kohde/527396</msg>
<msg timestamp="20220406 08:20:12.816" level="INFO">Saved into output file: C:\Users\matti\Documents\RBCORP\Etuovi\devdata\work-items-out\run-5\work-items.json</msg>
<msg timestamp="20220406 08:20:12.816" level="INFO">id = 527157</msg>
<msg timestamp="20220406 08:20:12.816" level="INFO">href = https://www.etuovi.com/kohde/527157</msg>
<msg timestamp="20220406 08:20:12.817" level="INFO">Saved into output file: C:\Users\matti\Documents\RBCORP\Etuovi\devdata\work-items-out\run-5\work-items.json</msg>
<msg timestamp="20220406 08:20:12.817" level="INFO">id = 526415</msg>
<msg timestamp="20220406 08:20:12.817" level="INFO">href = https://www.etuovi.com/kohde/526415</msg>
<msg timestamp="20220406 08:20:12.818" level="INFO">Saved into output file: C:\Users\matti\Documents\RBCORP\Etuovi\devdata\work-items-out\run-5\work-items.json</msg>
<msg timestamp="20220406 08:20:12.818" level="INFO">id = 70028099</msg>
<msg timestamp="20220406 08:20:12.819" level="INFO">href = https://www.etuovi.com/kohde/70028099</msg>
<msg timestamp="20220406 08:20:12.820" level="INFO">Saved into output file: C:\Users\matti\Documents\RBCORP\Etuovi\devdata\work-items-out\run-5\work-items.json</msg>
<msg timestamp="20220406 08:20:12.820" level="INFO">id = 21851297</msg>
<msg timestamp="20220406 08:20:12.820" level="INFO">href = https://www.etuovi.com/kohde/21851297</msg>
<msg timestamp="20220406 08:20:12.821" level="INFO">Saved into output file: C:\Users\matti\Documents\RBCORP\Etuovi\devdata\work-items-out\run-5\work-items.json</msg>
<msg timestamp="20220406 08:20:12.822" level="INFO">id = 1320455</msg>
<msg timestamp="20220406 08:20:12.822" level="INFO">href = https://www.etuovi.com/kohde/1320455</msg>
<msg timestamp="20220406 08:20:12.823" level="INFO">Saved into output file: C:\Users\matti\Documents\RBCORP\Etuovi\devdata\work-items-out\run-5\work-items.json</msg>
<msg timestamp="20220406 08:20:12.823" level="INFO">id = 21066043</msg>
<msg timestamp="20220406 08:20:12.823" level="INFO">href = https://www.etuovi.com/kohde/21066043</msg>
<msg timestamp="20220406 08:20:12.824" level="INFO">Saved into output file: C:\Users\matti\Documents\RBCORP\Etuovi\devdata\work-items-out\run-5\work-items.json</msg>
<msg timestamp="20220406 08:20:12.824" level="INFO">id = 20684121</msg>
<msg timestamp="20220406 08:20:12.824" level="INFO">href = https://www.etuovi.com/kohde/20684121</msg>
<msg timestamp="20220406 08:20:12.825" level="INFO">Saved into output file: C:\Users\matti\Documents\RBCORP\Etuovi\devdata\work-items-out\run-5\work-items.json</msg>
<msg timestamp="20220406 08:20:12.825" level="INFO">id = 527048</msg>
<msg timestamp="20220406 08:20:12.825" level="INFO">href = https://www.etuovi.com/kohde/527048</msg>
<msg timestamp="20220406 08:20:12.825" level="INFO">Saved into output file: C:\Users\matti\Documents\RBCORP\Etuovi\devdata\work-items-out\run-5\work-items.json</msg>
<msg timestamp="20220406 08:20:12.825" level="INFO">id = s88736</msg>
<msg timestamp="20220406 08:20:12.826" level="INFO">href = https://www.etuovi.com/kohde/s88736</msg>
<msg timestamp="20220406 08:20:12.826" level="INFO">Saved into output file: C:\Users\matti\Documents\RBCORP\Etuovi\devdata\work-items-out\run-5\work-items.json</msg>
<msg timestamp="20220406 08:20:12.826" level="INFO">id = 20789957</msg>
<msg timestamp="20220406 08:20:12.826" level="INFO">href = https://www.etuovi.com/kohde/20789957</msg>
<msg timestamp="20220406 08:20:12.827" level="INFO">Saved into output file: C:\Users\matti\Documents\RBCORP\Etuovi\devdata\work-items-out\run-5\work-items.json</msg>
<msg timestamp="20220406 08:20:12.827" level="INFO">id = 21053162</msg>
<msg timestamp="20220406 08:20:12.828" level="INFO">href = https://www.etuovi.com/kohde/21053162</msg>
<msg timestamp="20220406 08:20:12.828" level="INFO">Saved into output file: C:\Users\matti\Documents\RBCORP\Etuovi\devdata\work-items-out\run-5\work-items.json</msg>
<msg timestamp="20220406 08:20:12.828" level="INFO">id = 21161174</msg>
<msg timestamp="20220406 08:20:12.828" level="INFO">href = https://www.etuovi.com/kohde/21161174</msg>
<msg timestamp="20220406 08:20:12.829" level="INFO">Saved into output file: C:\Users\matti\Documents\RBCORP\Etuovi\devdata\work-items-out\run-5\work-items.json</msg>
<msg timestamp="20220406 08:20:12.830" level="INFO">id = 1320758</msg>
<msg timestamp="20220406 08:20:12.830" level="INFO">href = https://www.etuovi.com/kohde/1320758</msg>
<msg timestamp="20220406 08:20:12.830" level="INFO">Saved into output file: C:\Users\matti\Documents\RBCORP\Etuovi\devdata\work-items-out\run-5\work-items.json</msg>
<msg timestamp="20220406 08:20:12.830" level="INFO">id = 21613723</msg>
<msg timestamp="20220406 08:20:12.830" level="INFO">href = https://www.etuovi.com/kohde/21613723</msg>
<msg timestamp="20220406 08:20:12.831" level="INFO">Saved into output file: C:\Users\matti\Documents\RBCORP\Etuovi\devdata\work-items-out\run-5\work-items.json</msg>
<msg timestamp="20220406 08:20:12.831" level="INFO">id = 21757817</msg>
<msg timestamp="20220406 08:20:12.831" level="INFO">href = https://www.etuovi.com/kohde/21757817</msg>
<msg timestamp="20220406 08:20:12.831" level="INFO">Saved into output file: C:\Users\matti\Documents\RBCORP\Etuovi\devdata\work-items-out\run-5\work-items.json</msg>
<msg timestamp="20220406 08:20:12.832" level="INFO">id = 21759541</msg>
<msg timestamp="20220406 08:20:12.832" level="INFO">href = https://www.etuovi.com/kohde/21759541</msg>
<msg timestamp="20220406 08:20:12.832" level="INFO">Saved into output file: C:\Users\matti\Documents\RBCORP\Etuovi\devdata\work-items-out\run-5\work-items.json</msg>
<msg timestamp="20220406 08:20:12.833" level="INFO">id = 21355011</msg>
<msg timestamp="20220406 08:20:12.833" level="INFO">href = https://www.etuovi.com/kohde/21355011</msg>
<msg timestamp="20220406 08:20:12.834" level="INFO">Saved into output file: C:\Users\matti\Documents\RBCORP\Etuovi\devdata\work-items-out\run-5\work-items.json</msg>
<msg timestamp="20220406 08:20:12.834" level="INFO">id = s88666</msg>
<msg timestamp="20220406 08:20:12.834" level="INFO">href = https://www.etuovi.com/kohde/s88666</msg>
<msg timestamp="20220406 08:20:12.837" level="INFO">Saved into output file: C:\Users\matti\Documents\RBCORP\Etuovi\devdata\work-items-out\run-5\work-items.json</msg>
<msg timestamp="20220406 08:20:12.838" level="INFO">id = 1320078</msg>
<msg timestamp="20220406 08:20:12.838" level="INFO">href = https://www.etuovi.com/kohde/1320078</msg>
<msg timestamp="20220406 08:20:12.839" level="INFO">Saved into output file: C:\Users\matti\Documents\RBCORP\Etuovi\devdata\work-items-out\run-5\work-items.json</msg>
<msg timestamp="20220406 08:20:12.839" level="INFO">id = 21284459</msg>
<msg timestamp="20220406 08:20:12.839" level="INFO">href = https://www.etuovi.com/kohde/21284459</msg>
<msg timestamp="20220406 08:20:12.840" level="INFO">Saved into output file: C:\Users\matti\Documents\RBCORP\Etuovi\devdata\work-items-out\run-5\work-items.json</msg>
<msg timestamp="20220406 08:20:12.840" level="INFO">id = s88662</msg>
<msg timestamp="20220406 08:20:12.840" level="INFO">href = https://www.etuovi.com/kohde/s88662</msg>
<msg timestamp="20220406 08:20:12.841" level="INFO">Saved into output file: C:\Users\matti\Documents\RBCORP\Etuovi\devdata\work-items-out\run-5\work-items.json</msg>
<msg timestamp="20220406 08:20:12.841" level="INFO">id = 526377</msg>
<msg timestamp="20220406 08:20:12.841" level="INFO">href = https://www.etuovi.com/kohde/526377</msg>
<msg timestamp="20220406 08:20:12.841" level="INFO">Saved into output file: C:\Users\matti\Documents\RBCORP\Etuovi\devdata\work-items-out\run-5\work-items.json</msg>
<msg timestamp="20220406 08:20:12.842" level="INFO">id = 20095182</msg>
<msg timestamp="20220406 08:20:12.842" level="INFO">href = https://www.etuovi.com/kohde/20095182</msg>
<msg timestamp="20220406 08:20:12.843" level="INFO">Saved into output file: C:\Users\matti\Documents\RBCORP\Etuovi\devdata\work-items-out\run-5\work-items.json</msg>
<msg timestamp="20220406 08:20:12.843" level="INFO">id = 70025501</msg>
<msg timestamp="20220406 08:20:12.843" level="INFO">href = https://www.etuovi.com/kohde/70025501</msg>
<msg timestamp="20220406 08:20:12.844" level="INFO">Saved into output file: C:\Users\matti\Documents\RBCORP\Etuovi\devdata\work-items-out\run-5\work-items.json</msg>
<msg timestamp="20220406 08:20:12.844" level="INFO">id = 9721634</msg>
<msg timestamp="20220406 08:20:12.844" level="INFO">href = https://www.etuovi.com/kohde/9721634</msg>
<msg timestamp="20220406 08:20:12.845" level="INFO">Saved into output file: C:\Users\matti\Documents\RBCORP\Etuovi\devdata\work-items-out\run-5\work-items.json</msg>
<msg timestamp="20220406 08:20:12.845" level="INFO">id = s88628</msg>
<msg timestamp="20220406 08:20:12.845" level="INFO">href = https://www.etuovi.com/kohde/s88628</msg>
<msg timestamp="20220406 08:20:12.846" level="INFO">Saved into output file: C:\Users\matti\Documents\RBCORP\Etuovi\devdata\work-items-out\run-5\work-items.json</msg>
<msg timestamp="20220406 08:20:12.846" level="INFO">id = 526812</msg>
<msg timestamp="20220406 08:20:12.846" level="INFO">href = https://www.etuovi.com/kohde/526812</msg>
<msg timestamp="20220406 08:20:12.847" level="INFO">Saved into output file: C:\Users\matti\Documents\RBCORP\Etuovi\devdata\work-items-out\run-5\work-items.json</msg>
<msg timestamp="20220406 08:20:12.847" level="INFO">id = s88496</msg>
<msg timestamp="20220406 08:20:12.847" level="INFO">href = https://www.etuovi.com/kohde/s88496</msg>
<msg timestamp="20220406 08:20:12.848" level="INFO">Saved into output file: C:\Users\matti\Documents\RBCORP\Etuovi\devdata\work-items-out\run-5\work-items.json</msg>
<msg timestamp="20220406 08:20:12.848" level="INFO">id = s88492</msg>
<msg timestamp="20220406 08:20:12.849" level="INFO">href = https://www.etuovi.com/kohde/s88492</msg>
<msg timestamp="20220406 08:20:12.849" level="INFO">Saved into output file: C:\Users\matti\Documents\RBCORP\Etuovi\devdata\work-items-out\run-5\work-items.json</msg>
<msg timestamp="20220406 08:20:12.849" level="INFO">id = 21244996</msg>
<msg timestamp="20220406 08:20:12.849" level="INFO">href = https://www.etuovi.com/kohde/21244996</msg>
<msg timestamp="20220406 08:20:12.850" level="INFO">Saved into output file: C:\Users\matti\Documents\RBCORP\Etuovi\devdata\work-items-out\run-5\work-items.json</msg>
<msg timestamp="20220406 08:20:12.851" level="INFO">id = s88487</msg>
<msg timestamp="20220406 08:20:12.851" level="INFO">href = https://www.etuovi.com/kohde/s88487</msg>
<msg timestamp="20220406 08:20:12.855" level="INFO">Saved into output file: C:\Users\matti\Documents\RBCORP\Etuovi\devdata\work-items-out\run-5\work-items.json</msg>
<msg timestamp="20220406 08:20:12.855" level="INFO">id = 20107262</msg>
<msg timestamp="20220406 08:20:12.855" level="INFO">href = https://www.etuovi.com/kohde/20107262</msg>
<msg timestamp="20220406 08:20:12.856" level="INFO">Saved into output file: C:\Users\matti\Documents\RBCORP\Etuovi\devdata\work-items-out\run-5\work-items.json</msg>
<msg timestamp="20220406 08:20:12.856" level="INFO">id = 21849448</msg>
<msg timestamp="20220406 08:20:12.856" level="INFO">href = https://www.etuovi.com/kohde/21849448</msg>
<msg timestamp="20220406 08:20:12.857" level="INFO">Saved into output file: C:\Users\matti\Documents\RBCORP\Etuovi\devdata\work-items-out\run-5\work-items.json</msg>
<msg timestamp="20220406 08:20:12.857" level="INFO">id = 70030482</msg>
<msg timestamp="20220406 08:20:12.857" level="INFO">href = https://www.etuovi.com/kohde/70030482</msg>
<msg timestamp="20220406 08:20:12.858" level="INFO">Saved into output file: C:\Users\matti\Documents\RBCORP\Etuovi\devdata\work-items-out\run-5\work-items.json</msg>
<msg timestamp="20220406 08:20:12.858" level="INFO">id = 21621149</msg>
<msg timestamp="20220406 08:20:12.858" level="INFO">href = https://www.etuovi.com/kohde/21621149</msg>
<msg timestamp="20220406 08:20:12.859" level="INFO">Saved into output file: C:\Users\matti\Documents\RBCORP\Etuovi\devdata\work-items-out\run-5\work-items.json</msg>
<msg timestamp="20220406 08:20:12.859" level="INFO">id = 21033070</msg>
<msg timestamp="20220406 08:20:12.859" level="INFO">href = https://www.etuovi.com/kohde/21033070</msg>
<msg timestamp="20220406 08:20:12.860" level="INFO">Saved into output file: C:\Users\matti\Documents\RBCORP\Etuovi\devdata\work-items-out\run-5\work-items.json</msg>
<msg timestamp="20220406 08:20:12.860" level="INFO">id = 21196080</msg>
<msg timestamp="20220406 08:20:12.860" level="INFO">href = https://www.etuovi.com/kohde/21196080</msg>
<msg timestamp="20220406 08:20:12.861" level="INFO">Saved into output file: C:\Users\matti\Documents\RBCORP\Etuovi\devdata\work-items-out\run-5\work-items.json</msg>
<msg timestamp="20220406 08:20:12.861" level="INFO">id = 20086134</msg>
<msg timestamp="20220406 08:20:12.861" level="INFO">href = https://www.etuovi.com/kohde/20086134</msg>
<msg timestamp="20220406 08:20:12.862" level="INFO">Saved into output file: C:\Users\matti\Documents\RBCORP\Etuovi\devdata\work-items-out\run-5\work-items.json</msg>
<msg timestamp="20220406 08:20:12.862" level="INFO">id = 21438797</msg>
<msg timestamp="20220406 08:20:12.862" level="INFO">href = https://www.etuovi.com/kohde/21438797</msg>
<msg timestamp="20220406 08:20:12.863" level="INFO">Saved into output file: C:\Users\matti\Documents\RBCORP\Etuovi\devdata\work-items-out\run-5\work-items.json</msg>
<msg timestamp="20220406 08:20:12.863" level="INFO">id = 21174502</msg>
<msg timestamp="20220406 08:20:12.863" level="INFO">href = https://www.etuovi.com/kohde/21174502</msg>
<msg timestamp="20220406 08:20:12.864" level="INFO">Saved into output file: C:\Users\matti\Documents\RBCORP\Etuovi\devdata\work-items-out\run-5\work-items.json</msg>
<msg timestamp="20220406 08:20:12.864" level="INFO">id = 2241542</msg>
<msg timestamp="20220406 08:20:12.864" level="INFO">href = https://www.etuovi.com/kohde/2241542</msg>
<msg timestamp="20220406 08:20:12.865" level="INFO">Saved into output file: C:\Users\matti\Documents\RBCORP\Etuovi\devdata\work-items-out\run-5\work-items.json</msg>
<msg timestamp="20220406 08:20:12.865" level="INFO">id = s88379</msg>
<msg timestamp="20220406 08:20:12.865" level="INFO">href = https://www.etuovi.com/kohde/s88379</msg>
<msg timestamp="20220406 08:20:12.866" level="INFO">Saved into output file: C:\Users\matti\Documents\RBCORP\Etuovi\devdata\work-items-out\run-5\work-items.json</msg>
<msg timestamp="20220406 08:20:12.866" level="INFO">id = 20099068</msg>
<msg timestamp="20220406 08:20:12.866" level="INFO">href = https://www.etuovi.com/kohde/20099068</msg>
<msg timestamp="20220406 08:20:12.870" level="INFO">Saved into output file: C:\Users\matti\Documents\RBCORP\Etuovi\devdata\work-items-out\run-5\work-items.json</msg>
<msg timestamp="20220406 08:20:12.870" level="INFO">id = 21804448</msg>
<msg timestamp="20220406 08:20:12.870" level="INFO">href = https://www.etuovi.com/kohde/21804448</msg>
<msg timestamp="20220406 08:20:12.872" level="INFO">Saved into output file: C:\Users\matti\Documents\RBCORP\Etuovi\devdata\work-items-out\run-5\work-items.json</msg>
<msg timestamp="20220406 08:20:12.872" level="INFO">id = 527076</msg>
<msg timestamp="20220406 08:20:12.872" level="INFO">href = https://www.etuovi.com/kohde/527076</msg>
<msg timestamp="20220406 08:20:12.874" level="INFO">Saved into output file: C:\Users\matti\Documents\RBCORP\Etuovi\devdata\work-items-out\run-5\work-items.json</msg>
<msg timestamp="20220406 08:20:12.874" level="INFO">id = 526942</msg>
<msg timestamp="20220406 08:20:12.874" level="INFO">href = https://www.etuovi.com/kohde/526942</msg>
<msg timestamp="20220406 08:20:12.875" level="INFO">Saved into output file: C:\Users\matti\Documents\RBCORP\Etuovi\devdata\work-items-out\run-5\work-items.json</msg>
<msg timestamp="20220406 08:20:12.876" level="INFO">id = s88363</msg>
<msg timestamp="20220406 08:20:12.876" level="INFO">href = https://www.etuovi.com/kohde/s88363</msg>
<msg timestamp="20220406 08:20:12.876" level="INFO">Saved into output file: C:\Users\matti\Documents\RBCORP\Etuovi\devdata\work-items-out\run-5\work-items.json</msg>
<msg timestamp="20220406 08:20:12.877" level="INFO">id = 70029251</msg>
<msg timestamp="20220406 08:20:12.877" level="INFO">href = https://www.etuovi.com/kohde/70029251</msg>
<msg timestamp="20220406 08:20:12.877" level="INFO">Saved into output file: C:\Users\matti\Documents\RBCORP\Etuovi\devdata\work-items-out\run-5\work-items.json</msg>
<msg timestamp="20220406 08:20:12.878" level="INFO">id = 20210147</msg>
<msg timestamp="20220406 08:20:12.878" level="INFO">href = https://www.etuovi.com/kohde/20210147</msg>
<msg timestamp="20220406 08:20:12.879" level="INFO">Saved into output file: C:\Users\matti\Documents\RBCORP\Etuovi\devdata\work-items-out\run-5\work-items.json</msg>
<msg timestamp="20220406 08:20:12.879" level="INFO">id = 21452421</msg>
<msg timestamp="20220406 08:20:12.879" level="INFO">href = https://www.etuovi.com/kohde/21452421</msg>
<msg timestamp="20220406 08:20:12.880" level="INFO">Saved into output file: C:\Users\matti\Documents\RBCORP\Etuovi\devdata\work-items-out\run-5\work-items.json</msg>
<msg timestamp="20220406 08:20:12.880" level="INFO">id = 527456</msg>
<msg timestamp="20220406 08:20:12.880" level="INFO">href = https://www.etuovi.com/kohde/527456</msg>
<msg timestamp="20220406 08:20:12.882" level="INFO">Saved into output file: C:\Users\matti\Documents\RBCORP\Etuovi\devdata\work-items-out\run-5\work-items.json</msg>
<msg timestamp="20220406 08:20:12.882" level="INFO">id = 527426</msg>
<msg timestamp="20220406 08:20:12.882" level="INFO">href = https://www.etuovi.com/kohde/527426</msg>
<msg timestamp="20220406 08:20:12.883" level="INFO">Saved into output file: C:\Users\matti\Documents\RBCORP\Etuovi\devdata\work-items-out\run-5\work-items.json</msg>
<msg timestamp="20220406 08:20:12.883" level="INFO">id = 21428427</msg>
<msg timestamp="20220406 08:20:12.883" level="INFO">href = https://www.etuovi.com/kohde/21428427</msg>
<msg timestamp="20220406 08:20:12.884" level="INFO">Saved into output file: C:\Users\matti\Documents\RBCORP\Etuovi\devdata\work-items-out\run-5\work-items.json</msg>
<msg timestamp="20220406 08:20:12.884" level="INFO">id = 21729773</msg>
<msg timestamp="20220406 08:20:12.884" level="INFO">href = https://www.etuovi.com/kohde/21729773</msg>
<msg timestamp="20220406 08:20:12.886" level="INFO">Saved into output file: C:\Users\matti\Documents\RBCORP\Etuovi\devdata\work-items-out\run-5\work-items.json</msg>
<msg timestamp="20220406 08:20:12.887" level="INFO">id = 21287567</msg>
<msg timestamp="20220406 08:20:12.887" level="INFO">href = https://www.etuovi.com/kohde/21287567</msg>
<msg timestamp="20220406 08:20:12.889" level="INFO">Saved into output file: C:\Users\matti\Documents\RBCORP\Etuovi\devdata\work-items-out\run-5\work-items.json</msg>
<msg timestamp="20220406 08:20:12.889" level="INFO">id = 21381620</msg>
<msg timestamp="20220406 08:20:12.889" level="INFO">href = https://www.etuovi.com/kohde/21381620</msg>
<msg timestamp="20220406 08:20:12.890" level="INFO">Saved into output file: C:\Users\matti\Documents\RBCORP\Etuovi\devdata\work-items-out\run-5\work-items.json</msg>
<msg timestamp="20220406 08:20:12.890" level="INFO">id = 20868570</msg>
<msg timestamp="20220406 08:20:12.890" level="INFO">href = https://www.etuovi.com/kohde/20868570</msg>
<msg timestamp="20220406 08:20:12.891" level="INFO">Saved into output file: C:\Users\matti\Documents\RBCORP\Etuovi\devdata\work-items-out\run-5\work-items.json</msg>
<msg timestamp="20220406 08:20:12.891" level="INFO">id = 21184082</msg>
<msg timestamp="20220406 08:20:12.891" level="INFO">href = https://www.etuovi.com/kohde/21184082</msg>
<msg timestamp="20220406 08:20:12.892" level="INFO">Saved into output file: C:\Users\matti\Documents\RBCORP\Etuovi\devdata\work-items-out\run-5\work-items.json</msg>
<msg timestamp="20220406 08:20:12.892" level="INFO">id = s88246</msg>
<msg timestamp="20220406 08:20:12.892" level="INFO">href = https://www.etuovi.com/kohde/s88246</msg>
<msg timestamp="20220406 08:20:12.893" level="INFO">Saved into output file: C:\Users\matti\Documents\RBCORP\Etuovi\devdata\work-items-out\run-5\work-items.json</msg>
<msg timestamp="20220406 08:20:12.894" level="INFO">id = s88244</msg>
<msg timestamp="20220406 08:20:12.894" level="INFO">href = https://www.etuovi.com/kohde/s88244</msg>
<msg timestamp="20220406 08:20:12.895" level="INFO">Saved into output file: C:\Users\matti\Documents\RBCORP\Etuovi\devdata\work-items-out\run-5\work-items.json</msg>
<msg timestamp="20220406 08:20:12.895" level="INFO">id = 20464318</msg>
<msg timestamp="20220406 08:20:12.895" level="INFO">href = https://www.etuovi.com/kohde/20464318</msg>
<msg timestamp="20220406 08:20:12.896" level="INFO">Saved into output file: C:\Users\matti\Documents\RBCORP\Etuovi\devdata\work-items-out\run-5\work-items.json</msg>
<msg timestamp="20220406 08:20:12.896" level="INFO">id = 21558735</msg>
<msg timestamp="20220406 08:20:12.896" level="INFO">href = https://www.etuovi.com/kohde/21558735</msg>
<msg timestamp="20220406 08:20:12.897" level="INFO">Saved into output file: C:\Users\matti\Documents\RBCORP\Etuovi\devdata\work-items-out\run-5\work-items.json</msg>
<msg timestamp="20220406 08:20:12.898" level="INFO">id = 21340391</msg>
<msg timestamp="20220406 08:20:12.898" level="INFO">href = https://www.etuovi.com/kohde/21340391</msg>
<msg timestamp="20220406 08:20:12.899" level="INFO">Saved into output file: C:\Users\matti\Documents\RBCORP\Etuovi\devdata\work-items-out\run-5\work-items.json</msg>
<msg timestamp="20220406 08:20:12.899" level="INFO">id = 9901386</msg>
<msg timestamp="20220406 08:20:12.899" level="INFO">href = https://www.etuovi.com/kohde/9901386</msg>
<msg timestamp="20220406 08:20:12.901" level="INFO">Saved into output file: C:\Users\matti\Documents\RBCORP\Etuovi\devdata\work-items-out\run-5\work-items.json</msg>
<msg timestamp="20220406 08:20:12.902" level="INFO">id = 526669</msg>
<msg timestamp="20220406 08:20:12.903" level="INFO">href = https://www.etuovi.com/kohde/526669</msg>
<msg timestamp="20220406 08:20:12.906" level="INFO">Saved into output file: C:\Users\matti\Documents\RBCORP\Etuovi\devdata\work-items-out\run-5\work-items.json</msg>
<msg timestamp="20220406 08:20:12.906" level="INFO">id = 20795221</msg>
<msg timestamp="20220406 08:20:12.906" level="INFO">href = https://www.etuovi.com/kohde/20795221</msg>
<msg timestamp="20220406 08:20:12.907" level="INFO">Saved into output file: C:\Users\matti\Documents\RBCORP\Etuovi\devdata\work-items-out\run-5\work-items.json</msg>
<msg timestamp="20220406 08:20:12.908" level="INFO">id = s87999</msg>
<msg timestamp="20220406 08:20:12.908" level="INFO">href = https://www.etuovi.com/kohde/s87999</msg>
<msg timestamp="20220406 08:20:12.909" level="INFO">Saved into output file: C:\Users\matti\Documents\RBCORP\Etuovi\devdata\work-items-out\run-5\work-items.json</msg>
<msg timestamp="20220406 08:20:12.909" level="INFO">id = 526789</msg>
<msg timestamp="20220406 08:20:12.909" level="INFO">href = https://www.etuovi.com/kohde/526789</msg>
<msg timestamp="20220406 08:20:12.910" level="INFO">Saved into output file: C:\Users\matti\Documents\RBCORP\Etuovi\devdata\work-items-out\run-5\work-items.json</msg>
<msg timestamp="20220406 08:20:12.910" level="INFO">id = s87997</msg>
<msg timestamp="20220406 08:20:12.910" level="INFO">href = https://www.etuovi.com/kohde/s87997</msg>
<msg timestamp="20220406 08:20:12.911" level="INFO">Saved into output file: C:\Users\matti\Documents\RBCORP\Etuovi\devdata\work-items-out\run-5\work-items.json</msg>
<msg timestamp="20220406 08:20:12.911" level="INFO">id = 526640</msg>
<msg timestamp="20220406 08:20:12.911" level="INFO">href = https://www.etuovi.com/kohde/526640</msg>
<msg timestamp="20220406 08:20:12.912" level="INFO">Saved into output file: C:\Users\matti\Documents\RBCORP\Etuovi\devdata\work-items-out\run-5\work-items.json</msg>
<msg timestamp="20220406 08:20:12.912" level="INFO">id = 2241673</msg>
<msg timestamp="20220406 08:20:12.912" level="INFO">href = https://www.etuovi.com/kohde/2241673</msg>
<msg timestamp="20220406 08:20:12.913" level="INFO">Saved into output file: C:\Users\matti\Documents\RBCORP\Etuovi\devdata\work-items-out\run-5\work-items.json</msg>
<msg timestamp="20220406 08:20:12.913" level="INFO">id = 21480962</msg>
<msg timestamp="20220406 08:20:12.913" level="INFO">href = https://www.etuovi.com/kohde/21480962</msg>
<msg timestamp="20220406 08:20:12.914" level="INFO">Saved into output file: C:\Users\matti\Documents\RBCORP\Etuovi\devdata\work-items-out\run-5\work-items.json</msg>
<msg timestamp="20220406 08:20:12.915" level="INFO">id = s87973</msg>
<msg timestamp="20220406 08:20:12.915" level="INFO">href = https://www.etuovi.com/kohde/s87973</msg>
<msg timestamp="20220406 08:20:12.916" level="INFO">Saved into output file: C:\Users\matti\Documents\RBCORP\Etuovi\devdata\work-items-out\run-5\work-items.json</msg>
<msg timestamp="20220406 08:20:12.916" level="INFO">id = 21669640</msg>
<msg timestamp="20220406 08:20:12.916" level="INFO">href = https://www.etuovi.com/kohde/21669640</msg>
<msg timestamp="20220406 08:20:12.918" level="INFO">Saved into output file: C:\Users\matti\Documents\RBCORP\Etuovi\devdata\work-items-out\run-5\work-items.json</msg>
<msg timestamp="20220406 08:20:12.918" level="INFO">id = 21855641</msg>
<msg timestamp="20220406 08:20:12.918" level="INFO">href = https://www.etuovi.com/kohde/21855641</msg>
<msg timestamp="20220406 08:20:12.922" level="INFO">Saved into output file: C:\Users\matti\Documents\RBCORP\Etuovi\devdata\work-items-out\run-5\work-items.json</msg>
<msg timestamp="20220406 08:20:12.922" level="INFO">id = 526657</msg>
<msg timestamp="20220406 08:20:12.922" level="INFO">href = https://www.etuovi.com/kohde/526657</msg>
<msg timestamp="20220406 08:20:12.923" level="INFO">Saved into output file: C:\Users\matti\Documents\RBCORP\Etuovi\devdata\work-items-out\run-5\work-items.json</msg>
<msg timestamp="20220406 08:20:12.923" level="INFO">id = 526959</msg>
<msg timestamp="20220406 08:20:12.923" level="INFO">href = https://www.etuovi.com/kohde/526959</msg>
<msg timestamp="20220406 08:20:12.924" level="INFO">Saved into output file: C:\Users\matti\Documents\RBCORP\Etuovi\devdata\work-items-out\run-5\work-items.json</msg>
<msg timestamp="20220406 08:20:12.925" level="INFO">id = s87964</msg>
<msg timestamp="20220406 08:20:12.925" level="INFO">href = https://www.etuovi.com/kohde/s87964</msg>
<msg timestamp="20220406 08:20:12.926" level="INFO">Saved into output file: C:\Users\matti\Documents\RBCORP\Etuovi\devdata\work-items-out\run-5\work-items.json</msg>
<msg timestamp="20220406 08:20:12.926" level="INFO">id = 1319879</msg>
<msg timestamp="20220406 08:20:12.926" level="INFO">href = https://www.etuovi.com/kohde/1319879</msg>
<msg timestamp="20220406 08:20:12.927" level="INFO">Saved into output file: C:\Users\matti\Documents\RBCORP\Etuovi\devdata\work-items-out\run-5\work-items.json</msg>
<msg timestamp="20220406 08:20:12.927" level="INFO">id = 1320090</msg>
<msg timestamp="20220406 08:20:12.928" level="INFO">href = https://www.etuovi.com/kohde/1320090</msg>
<msg timestamp="20220406 08:20:12.929" level="INFO">Saved into output file: C:\Users\matti\Documents\RBCORP\Etuovi\devdata\work-items-out\run-5\work-items.json</msg>
<msg timestamp="20220406 08:20:12.929" level="INFO">id = s87949</msg>
<msg timestamp="20220406 08:20:12.929" level="INFO">href = https://www.etuovi.com/kohde/s87949</msg>
<msg timestamp="20220406 08:20:12.930" level="INFO">Saved into output file: C:\Users\matti\Documents\RBCORP\Etuovi\devdata\work-items-out\run-5\work-items.json</msg>
<msg timestamp="20220406 08:20:12.930" level="INFO">id = 21430365</msg>
<msg timestamp="20220406 08:20:12.930" level="INFO">href = https://www.etuovi.com/kohde/21430365</msg>
<msg timestamp="20220406 08:20:12.932" level="INFO">Saved into output file: C:\Users\matti\Documents\RBCORP\Etuovi\devdata\work-items-out\run-5\work-items.json</msg>
<msg timestamp="20220406 08:20:12.932" level="INFO">id = 20284852</msg>
<msg timestamp="20220406 08:20:12.932" level="INFO">href = https://www.etuovi.com/kohde/20284852</msg>
<msg timestamp="20220406 08:20:12.933" level="INFO">Saved into output file: C:\Users\matti\Documents\RBCORP\Etuovi\devdata\work-items-out\run-5\work-items.json</msg>
<msg timestamp="20220406 08:20:12.933" level="INFO">id = 526741</msg>
<msg timestamp="20220406 08:20:12.933" level="INFO">href = https://www.etuovi.com/kohde/526741</msg>
<msg timestamp="20220406 08:20:12.935" level="INFO">Saved into output file: C:\Users\matti\Documents\RBCORP\Etuovi\devdata\work-items-out\run-5\work-items.json</msg>
<msg timestamp="20220406 08:20:12.935" level="INFO">id = 20674606</msg>
<msg timestamp="20220406 08:20:12.935" level="INFO">href = https://www.etuovi.com/kohde/20674606</msg>
<msg timestamp="20220406 08:20:12.938" level="INFO">Saved into output file: C:\Users\matti\Documents\RBCORP\Etuovi\devdata\work-items-out\run-5\work-items.json</msg>
<msg timestamp="20220406 08:20:12.938" level="INFO">id = 70031613</msg>
<msg timestamp="20220406 08:20:12.938" level="INFO">href = https://www.etuovi.com/kohde/70031613</msg>
<msg timestamp="20220406 08:20:12.938" level="INFO">Saved into output file: C:\Users\matti\Documents\RBCORP\Etuovi\devdata\work-items-out\run-5\work-items.json</msg>
<msg timestamp="20220406 08:20:12.939" level="INFO">id = 70031614</msg>
<msg timestamp="20220406 08:20:12.939" level="INFO">href = https://www.etuovi.com/kohde/70031614</msg>
<msg timestamp="20220406 08:20:12.940" level="INFO">Saved into output file: C:\Users\matti\Documents\RBCORP\Etuovi\devdata\work-items-out\run-5\work-items.json</msg>
<msg timestamp="20220406 08:20:12.940" level="INFO">id = 21686790</msg>
<msg timestamp="20220406 08:20:12.940" level="INFO">href = https://www.etuovi.com/kohde/21686790</msg>
<msg timestamp="20220406 08:20:12.943" level="INFO">Saved into output file: C:\Users\matti\Documents\RBCORP\Etuovi\devdata\work-items-out\run-5\work-items.json</msg>
<msg timestamp="20220406 08:20:12.943" level="INFO">id = 20785781</msg>
<msg timestamp="20220406 08:20:12.943" level="INFO">href = https://www.etuovi.com/kohde/20785781</msg>
<msg timestamp="20220406 08:20:12.944" level="INFO">Saved into output file: C:\Users\matti\Documents\RBCORP\Etuovi\devdata\work-items-out\run-5\work-items.json</msg>
<msg timestamp="20220406 08:20:12.945" level="INFO">id = 21706058</msg>
<msg timestamp="20220406 08:20:12.945" level="INFO">href = https://www.etuovi.com/kohde/21706058</msg>
<msg timestamp="20220406 08:20:12.946" level="INFO">Saved into output file: C:\Users\matti\Documents\RBCORP\Etuovi\devdata\work-items-out\run-5\work-items.json</msg>
<msg timestamp="20220406 08:20:12.946" level="INFO">id = 1320300</msg>
<msg timestamp="20220406 08:20:12.947" level="INFO">href = https://www.etuovi.com/kohde/1320300</msg>
<msg timestamp="20220406 08:20:12.948" level="INFO">Saved into output file: C:\Users\matti\Documents\RBCORP\Etuovi\devdata\work-items-out\run-5\work-items.json</msg>
<msg timestamp="20220406 08:20:12.949" level="INFO">id = 20647739</msg>
<msg timestamp="20220406 08:20:12.949" level="INFO">href = https://www.etuovi.com/kohde/20647739</msg>
<msg timestamp="20220406 08:20:12.950" level="INFO">Saved into output file: C:\Users\matti\Documents\RBCORP\Etuovi\devdata\work-items-out\run-5\work-items.json</msg>
<msg timestamp="20220406 08:20:12.950" level="INFO">id = 1320100</msg>
<msg timestamp="20220406 08:20:12.950" level="INFO">href = https://www.etuovi.com/kohde/1320100</msg>
<msg timestamp="20220406 08:20:12.951" level="INFO">Saved into output file: C:\Users\matti\Documents\RBCORP\Etuovi\devdata\work-items-out\run-5\work-items.json</msg>
<msg timestamp="20220406 08:20:12.952" level="INFO">id = 20226782</msg>
<msg timestamp="20220406 08:20:12.952" level="INFO">href = https://www.etuovi.com/kohde/20226782</msg>
<msg timestamp="20220406 08:20:12.955" level="INFO">Saved into output file: C:\Users\matti\Documents\RBCORP\Etuovi\devdata\work-items-out\run-5\work-items.json</msg>
<msg timestamp="20220406 08:20:12.955" level="INFO">id = 20947627</msg>
<msg timestamp="20220406 08:20:12.955" level="INFO">href = https://www.etuovi.com/kohde/20947627</msg>
<msg timestamp="20220406 08:20:12.957" level="INFO">Saved into output file: C:\Users\matti\Documents\RBCORP\Etuovi\devdata\work-items-out\run-5\work-items.json</msg>
<msg timestamp="20220406 08:20:12.957" level="INFO">id = 1320283</msg>
<msg timestamp="20220406 08:20:12.957" level="INFO">href = https://www.etuovi.com/kohde/1320283</msg>
<msg timestamp="20220406 08:20:12.959" level="INFO">Saved into output file: C:\Users\matti\Documents\RBCORP\Etuovi\devdata\work-items-out\run-5\work-items.json</msg>
<msg timestamp="20220406 08:20:12.959" level="INFO">id = s87927</msg>
<msg timestamp="20220406 08:20:12.960" level="INFO">href = https://www.etuovi.com/kohde/s87927</msg>
<msg timestamp="20220406 08:20:12.961" level="INFO">Saved into output file: C:\Users\matti\Documents\RBCORP\Etuovi\devdata\work-items-out\run-5\work-items.json</msg>
<msg timestamp="20220406 08:20:12.961" level="INFO">id = 21533760</msg>
<msg timestamp="20220406 08:20:12.961" level="INFO">href = https://www.etuovi.com/kohde/21533760</msg>
<msg timestamp="20220406 08:20:12.963" level="INFO">Saved into output file: C:\Users\matti\Documents\RBCORP\Etuovi\devdata\work-items-out\run-5\work-items.json</msg>
<msg timestamp="20220406 08:20:12.963" level="INFO">id = 1319730</msg>
<msg timestamp="20220406 08:20:12.963" level="INFO">href = https://www.etuovi.com/kohde/1319730</msg>
<msg timestamp="20220406 08:20:12.964" level="INFO">Saved into output file: C:\Users\matti\Documents\RBCORP\Etuovi\devdata\work-items-out\run-5\work-items.json</msg>
<msg timestamp="20220406 08:20:12.966" level="INFO">id = 21404542</msg>
<msg timestamp="20220406 08:20:12.966" level="INFO">href = https://www.etuovi.com/kohde/21404542</msg>
<msg timestamp="20220406 08:20:12.967" level="INFO">Saved into output file: C:\Users\matti\Documents\RBCORP\Etuovi\devdata\work-items-out\run-5\work-items.json</msg>
<msg timestamp="20220406 08:20:12.967" level="INFO">id = 21356132</msg>
<msg timestamp="20220406 08:20:12.967" level="INFO">href = https://www.etuovi.com/kohde/21356132</msg>
<msg timestamp="20220406 08:20:12.969" level="INFO">Saved into output file: C:\Users\matti\Documents\RBCORP\Etuovi\devdata\work-items-out\run-5\work-items.json</msg>
<msg timestamp="20220406 08:20:12.971" level="INFO">id = 21890592</msg>
<msg timestamp="20220406 08:20:12.971" level="INFO">href = https://www.etuovi.com/kohde/21890592</msg>
<msg timestamp="20220406 08:20:12.973" level="INFO">Saved into output file: C:\Users\matti\Documents\RBCORP\Etuovi\devdata\work-items-out\run-5\work-items.json</msg>
<msg timestamp="20220406 08:20:12.974" level="INFO">id = 21332634</msg>
<msg timestamp="20220406 08:20:12.974" level="INFO">href = https://www.etuovi.com/kohde/21332634</msg>
<msg timestamp="20220406 08:20:12.976" level="INFO">Saved into output file: C:\Users\matti\Documents\RBCORP\Etuovi\devdata\work-items-out\run-5\work-items.json</msg>
<msg timestamp="20220406 08:20:12.976" level="INFO">id = 20912455</msg>
<msg timestamp="20220406 08:20:12.976" level="INFO">href = https://www.etuovi.com/kohde/20912455</msg>
<msg timestamp="20220406 08:20:12.978" level="INFO">Saved into output file: C:\Users\matti\Documents\RBCORP\Etuovi\devdata\work-items-out\run-5\work-items.json</msg>
<msg timestamp="20220406 08:20:12.978" level="INFO">id = 1320536</msg>
<msg timestamp="20220406 08:20:12.978" level="INFO">href = https://www.etuovi.com/kohde/1320536</msg>
<msg timestamp="20220406 08:20:12.980" level="INFO">Saved into output file: C:\Users\matti\Documents\RBCORP\Etuovi\devdata\work-items-out\run-5\work-items.json</msg>
<msg timestamp="20220406 08:20:12.980" level="INFO">id = 21496503</msg>
<msg timestamp="20220406 08:20:12.980" level="INFO">href = https://www.etuovi.com/kohde/21496503</msg>
<msg timestamp="20220406 08:20:12.982" level="INFO">Saved into output file: C:\Users\matti\Documents\RBCORP\Etuovi\devdata\work-items-out\run-5\work-items.json</msg>
<msg timestamp="20220406 08:20:12.982" level="INFO">id = s87896</msg>
<msg timestamp="20220406 08:20:12.983" level="INFO">href = https://www.etuovi.com/kohde/s87896</msg>
<msg timestamp="20220406 08:20:12.984" level="INFO">Saved into output file: C:\Users\matti\Documents\RBCORP\Etuovi\devdata\work-items-out\run-5\work-items.json</msg>
<msg timestamp="20220406 08:20:12.984" level="INFO">id = 525878</msg>
<msg timestamp="20220406 08:20:12.984" level="INFO">href = https://www.etuovi.com/kohde/525878</msg>
<msg timestamp="20220406 08:20:12.987" level="INFO">Saved into output file: C:\Users\matti\Documents\RBCORP\Etuovi\devdata\work-items-out\run-5\work-items.json</msg>
<msg timestamp="20220406 08:20:12.988" level="INFO">id = 70030890</msg>
<msg timestamp="20220406 08:20:12.988" level="INFO">href = https://www.etuovi.com/kohde/70030890</msg>
<msg timestamp="20220406 08:20:12.990" level="INFO">Saved into output file: C:\Users\matti\Documents\RBCORP\Etuovi\devdata\work-items-out\run-5\work-items.json</msg>
<msg timestamp="20220406 08:20:12.990" level="INFO">id = 21316850</msg>
<msg timestamp="20220406 08:20:12.990" level="INFO">href = https://www.etuovi.com/kohde/21316850</msg>
<msg timestamp="20220406 08:20:12.992" level="INFO">Saved into output file: C:\Users\matti\Documents\RBCORP\Etuovi\devdata\work-items-out\run-5\work-items.json</msg>
<msg timestamp="20220406 08:20:12.992" level="INFO">id = 21476114</msg>
<msg timestamp="20220406 08:20:12.992" level="INFO">href = https://www.etuovi.com/kohde/21476114</msg>
<msg timestamp="20220406 08:20:12.993" level="INFO">Saved into output file: C:\Users\matti\Documents\RBCORP\Etuovi\devdata\work-items-out\run-5\work-items.json</msg>
<msg timestamp="20220406 08:20:12.993" level="INFO">id = 70031228</msg>
<msg timestamp="20220406 08:20:12.993" level="INFO">href = https://www.etuovi.com/kohde/70031228</msg>
<msg timestamp="20220406 08:20:12.995" level="INFO">Saved into output file: C:\Users\matti\Documents\RBCORP\Etuovi\devdata\work-items-out\run-5\work-items.json</msg>
<msg timestamp="20220406 08:20:12.995" level="INFO">id = 70030090</msg>
<msg timestamp="20220406 08:20:12.995" level="INFO">href = https://www.etuovi.com/kohde/70030090</msg>
<msg timestamp="20220406 08:20:12.996" level="INFO">Saved into output file: C:\Users\matti\Documents\RBCORP\Etuovi\devdata\work-items-out\run-5\work-items.json</msg>
<msg timestamp="20220406 08:20:12.997" level="INFO">id = 20471336</msg>
<msg timestamp="20220406 08:20:12.997" level="INFO">href = https://www.etuovi.com/kohde/20471336</msg>
<msg timestamp="20220406 08:20:12.998" level="INFO">Saved into output file: C:\Users\matti\Documents\RBCORP\Etuovi\devdata\work-items-out\run-5\work-items.json</msg>
<msg timestamp="20220406 08:20:12.998" level="INFO">id = 21681193</msg>
<msg timestamp="20220406 08:20:12.998" level="INFO">href = https://www.etuovi.com/kohde/21681193</msg>
<msg timestamp="20220406 08:20:13.000" level="INFO">Saved into output file: C:\Users\matti\Documents\RBCORP\Etuovi\devdata\work-items-out\run-5\work-items.json</msg>
<msg timestamp="20220406 08:20:13.001" level="INFO">id = 20126464</msg>
<msg timestamp="20220406 08:20:13.001" level="INFO">href = https://www.etuovi.com/kohde/20126464</msg>
<msg timestamp="20220406 08:20:13.005" level="INFO">Saved into output file: C:\Users\matti\Documents\RBCORP\Etuovi\devdata\work-items-out\run-5\work-items.json</msg>
<msg timestamp="20220406 08:20:13.005" level="INFO">id = 70031223</msg>
<msg timestamp="20220406 08:20:13.005" level="INFO">href = https://www.etuovi.com/kohde/70031223</msg>
<msg timestamp="20220406 08:20:13.007" level="INFO">Saved into output file: C:\Users\matti\Documents\RBCORP\Etuovi\devdata\work-items-out\run-5\work-items.json</msg>
<msg timestamp="20220406 08:20:13.007" level="INFO">id = 70031230</msg>
<msg timestamp="20220406 08:20:13.007" level="INFO">href = https://www.etuovi.com/kohde/70031230</msg>
<msg timestamp="20220406 08:20:13.008" level="INFO">Saved into output file: C:\Users\matti\Documents\RBCORP\Etuovi\devdata\work-items-out\run-5\work-items.json</msg>
<msg timestamp="20220406 08:20:13.008" level="INFO">id = 21250502</msg>
<msg timestamp="20220406 08:20:13.009" level="INFO">href = https://www.etuovi.com/kohde/21250502</msg>
<msg timestamp="20220406 08:20:13.010" level="INFO">Saved into output file: C:\Users\matti\Documents\RBCORP\Etuovi\devdata\work-items-out\run-5\work-items.json</msg>
<msg timestamp="20220406 08:20:13.010" level="INFO">id = 1320279</msg>
<msg timestamp="20220406 08:20:13.010" level="INFO">href = https://www.etuovi.com/kohde/1320279</msg>
<msg timestamp="20220406 08:20:13.011" level="INFO">Saved into output file: C:\Users\matti\Documents\RBCORP\Etuovi\devdata\work-items-out\run-5\work-items.json</msg>
<msg timestamp="20220406 08:20:13.011" level="INFO">id = 20929189</msg>
<msg timestamp="20220406 08:20:13.011" level="INFO">href = https://www.etuovi.com/kohde/20929189</msg>
<msg timestamp="20220406 08:20:13.013" level="INFO">Saved into output file: C:\Users\matti\Documents\RBCORP\Etuovi\devdata\work-items-out\run-5\work-items.json</msg>
<msg timestamp="20220406 08:20:13.013" level="INFO">id = 527337</msg>
<msg timestamp="20220406 08:20:13.013" level="INFO">href = https://www.etuovi.com/kohde/527337</msg>
<msg timestamp="20220406 08:20:13.014" level="INFO">Saved into output file: C:\Users\matti\Documents\RBCORP\Etuovi\devdata\work-items-out\run-5\work-items.json</msg>
<msg timestamp="20220406 08:20:13.014" level="INFO">id = 527299</msg>
<msg timestamp="20220406 08:20:13.015" level="INFO">href = https://www.etuovi.com/kohde/527299</msg>
<msg timestamp="20220406 08:20:13.017" level="INFO">Saved into output file: C:\Users\matti\Documents\RBCORP\Etuovi\devdata\work-items-out\run-5\work-items.json</msg>
<msg timestamp="20220406 08:20:13.017" level="INFO">id = 526727</msg>
<msg timestamp="20220406 08:20:13.017" level="INFO">href = https://www.etuovi.com/kohde/526727</msg>
<msg timestamp="20220406 08:20:13.018" level="INFO">Saved into output file: C:\Users\matti\Documents\RBCORP\Etuovi\devdata\work-items-out\run-5\work-items.json</msg>
<msg timestamp="20220406 08:20:13.019" level="INFO">id = s87833</msg>
<msg timestamp="20220406 08:20:13.019" level="INFO">href = https://www.etuovi.com/kohde/s87833</msg>
<msg timestamp="20220406 08:20:13.022" level="INFO">Saved into output file: C:\Users\matti\Documents\RBCORP\Etuovi\devdata\work-items-out\run-5\work-items.json</msg>
<msg timestamp="20220406 08:20:13.022" level="INFO">id = 21687016</msg>
<msg timestamp="20220406 08:20:13.022" level="INFO">href = https://www.etuovi.com/kohde/21687016</msg>
<msg timestamp="20220406 08:20:13.024" level="INFO">Saved into output file: C:\Users\matti\Documents\RBCORP\Etuovi\devdata\work-items-out\run-5\work-items.json</msg>
<msg timestamp="20220406 08:20:13.024" level="INFO">id = 1319469</msg>
<msg timestamp="20220406 08:20:13.024" level="INFO">href = https://www.etuovi.com/kohde/1319469</msg>
<msg timestamp="20220406 08:20:13.026" level="INFO">Saved into output file: C:\Users\matti\Documents\RBCORP\Etuovi\devdata\work-items-out\run-5\work-items.json</msg>
<msg timestamp="20220406 08:20:13.026" level="INFO">id = 20247763</msg>
<msg timestamp="20220406 08:20:13.026" level="INFO">href = https://www.etuovi.com/kohde/20247763</msg>
<msg timestamp="20220406 08:20:13.027" level="INFO">Saved into output file: C:\Users\matti\Documents\RBCORP\Etuovi\devdata\work-items-out\run-5\work-items.json</msg>
<msg timestamp="20220406 08:20:13.028" level="INFO">id = 526898</msg>
<msg timestamp="20220406 08:20:13.028" level="INFO">href = https://www.etuovi.com/kohde/526898</msg>
<msg timestamp="20220406 08:20:13.029" level="INFO">Saved into output file: C:\Users\matti\Documents\RBCORP\Etuovi\devdata\work-items-out\run-5\work-items.json</msg>
<msg timestamp="20220406 08:20:13.029" level="INFO">id = 526684</msg>
<msg timestamp="20220406 08:20:13.029" level="INFO">href = https://www.etuovi.com/kohde/526684</msg>
<msg timestamp="20220406 08:20:13.031" level="INFO">Saved into output file: C:\Users\matti\Documents\RBCORP\Etuovi\devdata\work-items-out\run-5\work-items.json</msg>
<msg timestamp="20220406 08:20:13.031" level="INFO">id = 70030930</msg>
<msg timestamp="20220406 08:20:13.031" level="INFO">href = https://www.etuovi.com/kohde/70030930</msg>
<msg timestamp="20220406 08:20:13.032" level="INFO">Saved into output file: C:\Users\matti\Documents\RBCORP\Etuovi\devdata\work-items-out\run-5\work-items.json</msg>
<msg timestamp="20220406 08:20:13.032" level="INFO">id = 20975957</msg>
<msg timestamp="20220406 08:20:13.033" level="INFO">href = https://www.etuovi.com/kohde/20975957</msg>
<msg timestamp="20220406 08:20:13.036" level="INFO">Saved into output file: C:\Users\matti\Documents\RBCORP\Etuovi\devdata\work-items-out\run-5\work-items.json</msg>
<msg timestamp="20220406 08:20:13.037" level="INFO">id = 70030389</msg>
<msg timestamp="20220406 08:20:13.038" level="INFO">href = https://www.etuovi.com/kohde/70030389</msg>
<msg timestamp="20220406 08:20:13.039" level="INFO">Saved into output file: C:\Users\matti\Documents\RBCORP\Etuovi\devdata\work-items-out\run-5\work-items.json</msg>
<msg timestamp="20220406 08:20:13.039" level="INFO">id = 1307613</msg>
<msg timestamp="20220406 08:20:13.040" level="INFO">href = https://www.etuovi.com/kohde/1307613</msg>
<msg timestamp="20220406 08:20:13.041" level="INFO">Saved into output file: C:\Users\matti\Documents\RBCORP\Etuovi\devdata\work-items-out\run-5\work-items.json</msg>
<msg timestamp="20220406 08:20:13.041" level="INFO">id = 1320341</msg>
<msg timestamp="20220406 08:20:13.041" level="INFO">href = https://www.etuovi.com/kohde/1320341</msg>
<msg timestamp="20220406 08:20:13.043" level="INFO">Saved into output file: C:\Users\matti\Documents\RBCORP\Etuovi\devdata\work-items-out\run-5\work-items.json</msg>
<msg timestamp="20220406 08:20:13.043" level="INFO">id = s87768</msg>
<msg timestamp="20220406 08:20:13.043" level="INFO">href = https://www.etuovi.com/kohde/s87768</msg>
<msg timestamp="20220406 08:20:13.044" level="INFO">Saved into output file: C:\Users\matti\Documents\RBCORP\Etuovi\devdata\work-items-out\run-5\work-items.json</msg>
<msg timestamp="20220406 08:20:13.044" level="INFO">id = 527140</msg>
<msg timestamp="20220406 08:20:13.044" level="INFO">href = https://www.etuovi.com/kohde/527140</msg>
<msg timestamp="20220406 08:20:13.046" level="INFO">Saved into output file: C:\Users\matti\Documents\RBCORP\Etuovi\devdata\work-items-out\run-5\work-items.json</msg>
<msg timestamp="20220406 08:20:13.046" level="INFO">id = 526888</msg>
<msg timestamp="20220406 08:20:13.046" level="INFO">href = https://www.etuovi.com/kohde/526888</msg>
<msg timestamp="20220406 08:20:13.047" level="INFO">Saved into output file: C:\Users\matti\Documents\RBCORP\Etuovi\devdata\work-items-out\run-5\work-items.json</msg>
<msg timestamp="20220406 08:20:13.048" level="INFO">id = 21906711</msg>
<msg timestamp="20220406 08:20:13.048" level="INFO">href = https://www.etuovi.com/kohde/21906711</msg>
<msg timestamp="20220406 08:20:13.049" level="INFO">Saved into output file: C:\Users\matti\Documents\RBCORP\Etuovi\devdata\work-items-out\run-5\work-items.json</msg>
<msg timestamp="20220406 08:20:13.049" level="INFO">id = 70030726</msg>
<msg timestamp="20220406 08:20:13.049" level="INFO">href = https://www.etuovi.com/kohde/70030726</msg>
<msg timestamp="20220406 08:20:13.051" level="INFO">Saved into output file: C:\Users\matti\Documents\RBCORP\Etuovi\devdata\work-items-out\run-5\work-items.json</msg>
<msg timestamp="20220406 08:20:13.051" level="INFO">id = 2241410</msg>
<msg timestamp="20220406 08:20:13.052" level="INFO">href = https://www.etuovi.com/kohde/2241410</msg>
<msg timestamp="20220406 08:20:13.056" level="INFO">Saved into output file: C:\Users\matti\Documents\RBCORP\Etuovi\devdata\work-items-out\run-5\work-items.json</msg>
<msg timestamp="20220406 08:20:13.056" level="INFO">id = 70031214</msg>
<msg timestamp="20220406 08:20:13.056" level="INFO">href = https://www.etuovi.com/kohde/70031214</msg>
<msg timestamp="20220406 08:20:13.057" level="INFO">Saved into output file: C:\Users\matti\Documents\RBCORP\Etuovi\devdata\work-items-out\run-5\work-items.json</msg>
<msg timestamp="20220406 08:20:13.058" level="INFO">id = s87762</msg>
<msg timestamp="20220406 08:20:13.058" level="INFO">href = https://www.etuovi.com/kohde/s87762</msg>
<msg timestamp="20220406 08:20:13.059" level="INFO">Saved into output file: C:\Users\matti\Documents\RBCORP\Etuovi\devdata\work-items-out\run-5\work-items.json</msg>
<msg timestamp="20220406 08:20:13.059" level="INFO">id = 70031081</msg>
<msg timestamp="20220406 08:20:13.060" level="INFO">href = https://www.etuovi.com/kohde/70031081</msg>
<msg timestamp="20220406 08:20:13.061" level="INFO">Saved into output file: C:\Users\matti\Documents\RBCORP\Etuovi\devdata\work-items-out\run-5\work-items.json</msg>
<msg timestamp="20220406 08:20:13.061" level="INFO">id = 70031123</msg>
<msg timestamp="20220406 08:20:13.061" level="INFO">href = https://www.etuovi.com/kohde/70031123</msg>
<msg timestamp="20220406 08:20:13.063" level="INFO">Saved into output file: C:\Users\matti\Documents\RBCORP\Etuovi\devdata\work-items-out\run-5\work-items.json</msg>
<msg timestamp="20220406 08:20:13.063" level="INFO">id = 525835</msg>
<msg timestamp="20220406 08:20:13.063" level="INFO">href = https://www.etuovi.com/kohde/525835</msg>
<msg timestamp="20220406 08:20:13.065" level="INFO">Saved into output file: C:\Users\matti\Documents\RBCORP\Etuovi\devdata\work-items-out\run-5\work-items.json</msg>
<msg timestamp="20220406 08:20:13.065" level="INFO">id = 21435436</msg>
<msg timestamp="20220406 08:20:13.065" level="INFO">href = https://www.etuovi.com/kohde/21435436</msg>
<msg timestamp="20220406 08:20:13.067" level="INFO">Saved into output file: C:\Users\matti\Documents\RBCORP\Etuovi\devdata\work-items-out\run-5\work-items.json</msg>
<msg timestamp="20220406 08:20:13.067" level="INFO">id = s87694</msg>
<msg timestamp="20220406 08:20:13.067" level="INFO">href = https://www.etuovi.com/kohde/s87694</msg>
<msg timestamp="20220406 08:20:13.071" level="INFO">Saved into output file: C:\Users\matti\Documents\RBCORP\Etuovi\devdata\work-items-out\run-5\work-items.json</msg>
<msg timestamp="20220406 08:20:13.072" level="INFO">id = 20775116</msg>
<msg timestamp="20220406 08:20:13.072" level="INFO">href = https://www.etuovi.com/kohde/20775116</msg>
<msg timestamp="20220406 08:20:13.076" level="INFO">Saved into output file: C:\Users\matti\Documents\RBCORP\Etuovi\devdata\work-items-out\run-5\work-items.json</msg>
<msg timestamp="20220406 08:20:13.077" level="INFO">id = 70028154</msg>
<msg timestamp="20220406 08:20:13.077" level="INFO">href = https://www.etuovi.com/kohde/70028154</msg>
<msg timestamp="20220406 08:20:13.079" level="INFO">Saved into output file: C:\Users\matti\Documents\RBCORP\Etuovi\devdata\work-items-out\run-5\work-items.json</msg>
<msg timestamp="20220406 08:20:13.079" level="INFO">id = s87673</msg>
<msg timestamp="20220406 08:20:13.080" level="INFO">href = https://www.etuovi.com/kohde/s87673</msg>
<msg timestamp="20220406 08:20:13.082" level="INFO">Saved into output file: C:\Users\matti\Documents\RBCORP\Etuovi\devdata\work-items-out\run-5\work-items.json</msg>
<msg timestamp="20220406 08:20:13.083" level="INFO">id = s87393</msg>
<msg timestamp="20220406 08:20:13.083" level="INFO">href = https://www.etuovi.com/kohde/s87393</msg>
<msg timestamp="20220406 08:20:13.085" level="INFO">Saved into output file: C:\Users\matti\Documents\RBCORP\Etuovi\devdata\work-items-out\run-5\work-items.json</msg>
<msg timestamp="20220406 08:20:13.085" level="INFO">id = s87384</msg>
<msg timestamp="20220406 08:20:13.086" level="INFO">href = https://www.etuovi.com/kohde/s87384</msg>
<msg timestamp="20220406 08:20:13.090" level="INFO">Saved into output file: C:\Users\matti\Documents\RBCORP\Etuovi\devdata\work-items-out\run-5\work-items.json</msg>
<msg timestamp="20220406 08:20:13.090" level="INFO">id = 20037696</msg>
<msg timestamp="20220406 08:20:13.090" level="INFO">href = https://www.etuovi.com/kohde/20037696</msg>
<msg timestamp="20220406 08:20:13.092" level="INFO">Saved into output file: C:\Users\matti\Documents\RBCORP\Etuovi\devdata\work-items-out\run-5\work-items.json</msg>
<msg timestamp="20220406 08:20:13.092" level="INFO">id = 20152174</msg>
<msg timestamp="20220406 08:20:13.092" level="INFO">href = https://www.etuovi.com/kohde/20152174</msg>
<msg timestamp="20220406 08:20:13.093" level="INFO">Saved into output file: C:\Users\matti\Documents\RBCORP\Etuovi\devdata\work-items-out\run-5\work-items.json</msg>
<msg timestamp="20220406 08:20:13.093" level="INFO">id = 21718432</msg>
<msg timestamp="20220406 08:20:13.094" level="INFO">href = https://www.etuovi.com/kohde/21718432</msg>
<msg timestamp="20220406 08:20:13.095" level="INFO">Saved into output file: C:\Users\matti\Documents\RBCORP\Etuovi\devdata\work-items-out\run-5\work-items.json</msg>
<msg timestamp="20220406 08:20:13.095" level="INFO">id = 526751</msg>
<msg timestamp="20220406 08:20:13.095" level="INFO">href = https://www.etuovi.com/kohde/526751</msg>
<msg timestamp="20220406 08:20:13.096" level="INFO">Saved into output file: C:\Users\matti\Documents\RBCORP\Etuovi\devdata\work-items-out\run-5\work-items.json</msg>
<msg timestamp="20220406 08:20:13.097" level="INFO">id = 526573</msg>
<msg timestamp="20220406 08:20:13.097" level="INFO">href = https://www.etuovi.com/kohde/526573</msg>
<msg timestamp="20220406 08:20:13.098" level="INFO">Saved into output file: C:\Users\matti\Documents\RBCORP\Etuovi\devdata\work-items-out\run-5\work-items.json</msg>
<msg timestamp="20220406 08:20:13.098" level="INFO">id = 21174877</msg>
<msg timestamp="20220406 08:20:13.099" level="INFO">href = https://www.etuovi.com/kohde/21174877</msg>
<msg timestamp="20220406 08:20:13.100" level="INFO">Saved into output file: C:\Users\matti\Documents\RBCORP\Etuovi\devdata\work-items-out\run-5\work-items.json</msg>
<msg timestamp="20220406 08:20:13.100" level="INFO">id = 21234156</msg>
<msg timestamp="20220406 08:20:13.100" level="INFO">href = https://www.etuovi.com/kohde/21234156</msg>
<msg timestamp="20220406 08:20:13.103" level="INFO">Saved into output file: C:\Users\matti\Documents\RBCORP\Etuovi\devdata\work-items-out\run-5\work-items.json</msg>
<msg timestamp="20220406 08:20:13.104" level="INFO">id = 70031353</msg>
<msg timestamp="20220406 08:20:13.105" level="INFO">href = https://www.etuovi.com/kohde/70031353</msg>
<msg timestamp="20220406 08:20:13.107" level="INFO">Saved into output file: C:\Users\matti\Documents\RBCORP\Etuovi\devdata\work-items-out\run-5\work-items.json</msg>
<msg timestamp="20220406 08:20:13.108" level="INFO">id = 21315554</msg>
<msg timestamp="20220406 08:20:13.108" level="INFO">href = https://www.etuovi.com/kohde/21315554</msg>
<msg timestamp="20220406 08:20:13.109" level="INFO">Saved into output file: C:\Users\matti\Documents\RBCORP\Etuovi\devdata\work-items-out\run-5\work-items.json</msg>
<msg timestamp="20220406 08:20:13.109" level="INFO">id = 21831609</msg>
<msg timestamp="20220406 08:20:13.110" level="INFO">href = https://www.etuovi.com/kohde/21831609</msg>
<msg timestamp="20220406 08:20:13.113" level="INFO">Saved into output file: C:\Users\matti\Documents\RBCORP\Etuovi\devdata\work-items-out\run-5\work-items.json</msg>
<msg timestamp="20220406 08:20:13.113" level="INFO">id = 20188818</msg>
<msg timestamp="20220406 08:20:13.113" level="INFO">href = https://www.etuovi.com/kohde/20188818</msg>
<msg timestamp="20220406 08:20:13.115" level="INFO">Saved into output file: C:\Users\matti\Documents\RBCORP\Etuovi\devdata\work-items-out\run-5\work-items.json</msg>
<msg timestamp="20220406 08:20:13.115" level="INFO">id = 525901</msg>
<msg timestamp="20220406 08:20:13.115" level="INFO">href = https://www.etuovi.com/kohde/525901</msg>
<msg timestamp="20220406 08:20:13.116" level="INFO">Saved into output file: C:\Users\matti\Documents\RBCORP\Etuovi\devdata\work-items-out\run-5\work-items.json</msg>
<msg timestamp="20220406 08:20:13.117" level="INFO">id = 70030416</msg>
<msg timestamp="20220406 08:20:13.117" level="INFO">href = https://www.etuovi.com/kohde/70030416</msg>
<msg timestamp="20220406 08:20:13.118" level="INFO">Saved into output file: C:\Users\matti\Documents\RBCORP\Etuovi\devdata\work-items-out\run-5\work-items.json</msg>
<msg timestamp="20220406 08:20:13.119" level="INFO">id = 21315827</msg>
<msg timestamp="20220406 08:20:13.119" level="INFO">href = https://www.etuovi.com/kohde/21315827</msg>
<msg timestamp="20220406 08:20:13.122" level="INFO">Saved into output file: C:\Users\matti\Documents\RBCORP\Etuovi\devdata\work-items-out\run-5\work-items.json</msg>
<msg timestamp="20220406 08:20:13.123" level="INFO">id = 20818755</msg>
<msg timestamp="20220406 08:20:13.123" level="INFO">href = https://www.etuovi.com/kohde/20818755</msg>
<msg timestamp="20220406 08:20:13.124" level="INFO">Saved into output file: C:\Users\matti\Documents\RBCORP\Etuovi\devdata\work-items-out\run-5\work-items.json</msg>
<msg timestamp="20220406 08:20:13.125" level="INFO">id = 20213325</msg>
<msg timestamp="20220406 08:20:13.125" level="INFO">href = https://www.etuovi.com/kohde/20213325</msg>
<msg timestamp="20220406 08:20:13.126" level="INFO">Saved into output file: C:\Users\matti\Documents\RBCORP\Etuovi\devdata\work-items-out\run-5\work-items.json</msg>
<msg timestamp="20220406 08:20:13.126" level="INFO">id = 20548736</msg>
<msg timestamp="20220406 08:20:13.126" level="INFO">href = https://www.etuovi.com/kohde/20548736</msg>
<msg timestamp="20220406 08:20:13.128" level="INFO">Saved into output file: C:\Users\matti\Documents\RBCORP\Etuovi\devdata\work-items-out\run-5\work-items.json</msg>
<msg timestamp="20220406 08:20:13.128" level="INFO">id = 20327653</msg>
<msg timestamp="20220406 08:20:13.128" level="INFO">href = https://www.etuovi.com/kohde/20327653</msg>
<msg timestamp="20220406 08:20:13.130" level="INFO">Saved into output file: C:\Users\matti\Documents\RBCORP\Etuovi\devdata\work-items-out\run-5\work-items.json</msg>
<msg timestamp="20220406 08:20:13.130" level="INFO">id = 1319801</msg>
<msg timestamp="20220406 08:20:13.130" level="INFO">href = https://www.etuovi.com/kohde/1319801</msg>
<msg timestamp="20220406 08:20:13.132" level="INFO">Saved into output file: C:\Users\matti\Documents\RBCORP\Etuovi\devdata\work-items-out\run-5\work-items.json</msg>
<msg timestamp="20220406 08:20:13.132" level="INFO">id = 21169736</msg>
<msg timestamp="20220406 08:20:13.132" level="INFO">href = https://www.etuovi.com/kohde/21169736</msg>
<msg timestamp="20220406 08:20:13.134" level="INFO">Saved into output file: C:\Users\matti\Documents\RBCORP\Etuovi\devdata\work-items-out\run-5\work-items.json</msg>
<msg timestamp="20220406 08:20:13.134" level="INFO">id = s87349</msg>
<msg timestamp="20220406 08:20:13.134" level="INFO">href = https://www.etuovi.com/kohde/s87349</msg>
<msg timestamp="20220406 08:20:13.136" level="INFO">Saved into output file: C:\Users\matti\Documents\RBCORP\Etuovi\devdata\work-items-out\run-5\work-items.json</msg>
<msg timestamp="20220406 08:20:13.137" level="INFO">id = 527093</msg>
<msg timestamp="20220406 08:20:13.137" level="INFO">href = https://www.etuovi.com/kohde/527093</msg>
<msg timestamp="20220406 08:20:13.140" level="INFO">Saved into output file: C:\Users\matti\Documents\RBCORP\Etuovi\devdata\work-items-out\run-5\work-items.json</msg>
<msg timestamp="20220406 08:20:13.140" level="INFO">id = 527049</msg>
<msg timestamp="20220406 08:20:13.140" level="INFO">href = https://www.etuovi.com/kohde/527049</msg>
<msg timestamp="20220406 08:20:13.142" level="INFO">Saved into output file: C:\Users\matti\Documents\RBCORP\Etuovi\devdata\work-items-out\run-5\work-items.json</msg>
<msg timestamp="20220406 08:20:13.142" level="INFO">id = 21619000</msg>
<msg timestamp="20220406 08:20:13.142" level="INFO">href = https://www.etuovi.com/kohde/21619000</msg>
<msg timestamp="20220406 08:20:13.143" level="INFO">Saved into output file: C:\Users\matti\Documents\RBCORP\Etuovi\devdata\work-items-out\run-5\work-items.json</msg>
<msg timestamp="20220406 08:20:13.143" level="INFO">id = 21829929</msg>
<msg timestamp="20220406 08:20:13.143" level="INFO">href = https://www.etuovi.com/kohde/21829929</msg>
<msg timestamp="20220406 08:20:13.145" level="INFO">Saved into output file: C:\Users\matti\Documents\RBCORP\Etuovi\devdata\work-items-out\run-5\work-items.json</msg>
<msg timestamp="20220406 08:20:13.145" level="INFO">id = 20237204</msg>
<msg timestamp="20220406 08:20:13.145" level="INFO">href = https://www.etuovi.com/kohde/20237204</msg>
<msg timestamp="20220406 08:20:13.147" level="INFO">Saved into output file: C:\Users\matti\Documents\RBCORP\Etuovi\devdata\work-items-out\run-5\work-items.json</msg>
<msg timestamp="20220406 08:20:13.147" level="INFO">id = 20547261</msg>
<msg timestamp="20220406 08:20:13.147" level="INFO">href = https://www.etuovi.com/kohde/20547261</msg>
<msg timestamp="20220406 08:20:13.149" level="INFO">Saved into output file: C:\Users\matti\Documents\RBCORP\Etuovi\devdata\work-items-out\run-5\work-items.json</msg>
<msg timestamp="20220406 08:20:13.150" level="INFO">id = 1319966</msg>
<msg timestamp="20220406 08:20:13.150" level="INFO">href = https://www.etuovi.com/kohde/1319966</msg>
<msg timestamp="20220406 08:20:13.151" level="INFO">Saved into output file: C:\Users\matti\Documents\RBCORP\Etuovi\devdata\work-items-out\run-5\work-items.json</msg>
<msg timestamp="20220406 08:20:13.152" level="INFO">id = 526430</msg>
<msg timestamp="20220406 08:20:13.152" level="INFO">href = https://www.etuovi.com/kohde/526430</msg>
<msg timestamp="20220406 08:20:13.156" level="INFO">Saved into output file: C:\Users\matti\Documents\RBCORP\Etuovi\devdata\work-items-out\run-5\work-items.json</msg>
<msg timestamp="20220406 08:20:13.156" level="INFO">id = 21653737</msg>
<msg timestamp="20220406 08:20:13.156" level="INFO">href = https://www.etuovi.com/kohde/21653737</msg>
<msg timestamp="20220406 08:20:13.158" level="INFO">Saved into output file: C:\Users\matti\Documents\RBCORP\Etuovi\devdata\work-items-out\run-5\work-items.json</msg>
<msg timestamp="20220406 08:20:13.158" level="INFO">id = 20153824</msg>
<msg timestamp="20220406 08:20:13.158" level="INFO">href = https://www.etuovi.com/kohde/20153824</msg>
<msg timestamp="20220406 08:20:13.160" level="INFO">Saved into output file: C:\Users\matti\Documents\RBCORP\Etuovi\devdata\work-items-out\run-5\work-items.json</msg>
<msg timestamp="20220406 08:20:13.160" level="INFO">id = 20151568</msg>
<msg timestamp="20220406 08:20:13.160" level="INFO">href = https://www.etuovi.com/kohde/20151568</msg>
<msg timestamp="20220406 08:20:13.162" level="INFO">Saved into output file: C:\Users\matti\Documents\RBCORP\Etuovi\devdata\work-items-out\run-5\work-items.json</msg>
<msg timestamp="20220406 08:20:13.162" level="INFO">id = 21845953</msg>
<msg timestamp="20220406 08:20:13.162" level="INFO">href = https://www.etuovi.com/kohde/21845953</msg>
<msg timestamp="20220406 08:20:13.164" level="INFO">Saved into output file: C:\Users\matti\Documents\RBCORP\Etuovi\devdata\work-items-out\run-5\work-items.json</msg>
<msg timestamp="20220406 08:20:13.164" level="INFO">id = 2241671</msg>
<msg timestamp="20220406 08:20:13.164" level="INFO">href = https://www.etuovi.com/kohde/2241671</msg>
<msg timestamp="20220406 08:20:13.166" level="INFO">Saved into output file: C:\Users\matti\Documents\RBCORP\Etuovi\devdata\work-items-out\run-5\work-items.json</msg>
<msg timestamp="20220406 08:20:13.166" level="INFO">id = 21668148</msg>
<msg timestamp="20220406 08:20:13.166" level="INFO">href = https://www.etuovi.com/kohde/21668148</msg>
<msg timestamp="20220406 08:20:13.168" level="INFO">Saved into output file: C:\Users\matti\Documents\RBCORP\Etuovi\devdata\work-items-out\run-5\work-items.json</msg>
<msg timestamp="20220406 08:20:13.168" level="INFO">id = 21243320</msg>
<msg timestamp="20220406 08:20:13.168" level="INFO">href = https://www.etuovi.com/kohde/21243320</msg>
<msg timestamp="20220406 08:20:13.171" level="INFO">Saved into output file: C:\Users\matti\Documents\RBCORP\Etuovi\devdata\work-items-out\run-5\work-items.json</msg>
<msg timestamp="20220406 08:20:13.171" level="INFO">id = 21006764</msg>
<msg timestamp="20220406 08:20:13.171" level="INFO">href = https://www.etuovi.com/kohde/21006764</msg>
<msg timestamp="20220406 08:20:13.174" level="INFO">Saved into output file: C:\Users\matti\Documents\RBCORP\Etuovi\devdata\work-items-out\run-5\work-items.json</msg>
<msg timestamp="20220406 08:20:13.174" level="INFO">id = 1320466</msg>
<msg timestamp="20220406 08:20:13.175" level="INFO">href = https://www.etuovi.com/kohde/1320466</msg>
<msg timestamp="20220406 08:20:13.178" level="INFO">Saved into output file: C:\Users\matti\Documents\RBCORP\Etuovi\devdata\work-items-out\run-5\work-items.json</msg>
<msg timestamp="20220406 08:20:13.178" level="INFO">id = 20069133</msg>
<msg timestamp="20220406 08:20:13.178" level="INFO">href = https://www.etuovi.com/kohde/20069133</msg>
<msg timestamp="20220406 08:20:13.181" level="INFO">Saved into output file: C:\Users\matti\Documents\RBCORP\Etuovi\devdata\work-items-out\run-5\work-items.json</msg>
<msg timestamp="20220406 08:20:13.181" level="INFO">id = 21064405</msg>
<msg timestamp="20220406 08:20:13.181" level="INFO">href = https://www.etuovi.com/kohde/21064405</msg>
<msg timestamp="20220406 08:20:13.183" level="INFO">Saved into output file: C:\Users\matti\Documents\RBCORP\Etuovi\devdata\work-items-out\run-5\work-items.json</msg>
<msg timestamp="20220406 08:20:13.183" level="INFO">id = 526925</msg>
<msg timestamp="20220406 08:20:13.183" level="INFO">href = https://www.etuovi.com/kohde/526925</msg>
<msg timestamp="20220406 08:20:13.187" level="INFO">Saved into output file: C:\Users\matti\Documents\RBCORP\Etuovi\devdata\work-items-out\run-5\work-items.json</msg>
<msg timestamp="20220406 08:20:13.188" level="INFO">id = 20573234</msg>
<msg timestamp="20220406 08:20:13.188" level="INFO">href = https://www.etuovi.com/kohde/20573234</msg>
<msg timestamp="20220406 08:20:13.191" level="INFO">Saved into output file: C:\Users\matti\Documents\RBCORP\Etuovi\devdata\work-items-out\run-5\work-items.json</msg>
<msg timestamp="20220406 08:20:13.191" level="INFO">id = 70031118</msg>
<msg timestamp="20220406 08:20:13.191" level="INFO">href = https://www.etuovi.com/kohde/70031118</msg>
<msg timestamp="20220406 08:20:13.193" level="INFO">Saved into output file: C:\Users\matti\Documents\RBCORP\Etuovi\devdata\work-items-out\run-5\work-items.json</msg>
<msg timestamp="20220406 08:20:13.194" level="INFO">id = 1319428</msg>
<msg timestamp="20220406 08:20:13.194" level="INFO">href = https://www.etuovi.com/kohde/1319428</msg>
<msg timestamp="20220406 08:20:13.196" level="INFO">Saved into output file: C:\Users\matti\Documents\RBCORP\Etuovi\devdata\work-items-out\run-5\work-items.json</msg>
<msg timestamp="20220406 08:20:13.196" level="INFO">id = 20433278</msg>
<msg timestamp="20220406 08:20:13.196" level="INFO">href = https://www.etuovi.com/kohde/20433278</msg>
<msg timestamp="20220406 08:20:13.198" level="INFO">Saved into output file: C:\Users\matti\Documents\RBCORP\Etuovi\devdata\work-items-out\run-5\work-items.json</msg>
<msg timestamp="20220406 08:20:13.198" level="INFO">id = 20567049</msg>
<msg timestamp="20220406 08:20:13.198" level="INFO">href = https://www.etuovi.com/kohde/20567049</msg>
<msg timestamp="20220406 08:20:13.200" level="INFO">Saved into output file: C:\Users\matti\Documents\RBCORP\Etuovi\devdata\work-items-out\run-5\work-items.json</msg>
<msg timestamp="20220406 08:20:13.200" level="INFO">id = 21658803</msg>
<msg timestamp="20220406 08:20:13.200" level="INFO">href = https://www.etuovi.com/kohde/21658803</msg>
<msg timestamp="20220406 08:20:13.203" level="INFO">Saved into output file: C:\Users\matti\Documents\RBCORP\Etuovi\devdata\work-items-out\run-5\work-items.json</msg>
<msg timestamp="20220406 08:20:13.204" level="INFO">id = 20556016</msg>
<msg timestamp="20220406 08:20:13.204" level="INFO">href = https://www.etuovi.com/kohde/20556016</msg>
<msg timestamp="20220406 08:20:13.206" level="INFO">Saved into output file: C:\Users\matti\Documents\RBCORP\Etuovi\devdata\work-items-out\run-5\work-items.json</msg>
<msg timestamp="20220406 08:20:13.207" level="INFO">id = s86498</msg>
<msg timestamp="20220406 08:20:13.207" level="INFO">href = https://www.etuovi.com/kohde/s86498</msg>
<msg timestamp="20220406 08:20:13.210" level="INFO">Saved into output file: C:\Users\matti\Documents\RBCORP\Etuovi\devdata\work-items-out\run-5\work-items.json</msg>
<msg timestamp="20220406 08:20:13.210" level="INFO">id = 20262918</msg>
<msg timestamp="20220406 08:20:13.210" level="INFO">href = https://www.etuovi.com/kohde/20262918</msg>
<msg timestamp="20220406 08:20:13.214" level="INFO">Saved into output file: C:\Users\matti\Documents\RBCORP\Etuovi\devdata\work-items-out\run-5\work-items.json</msg>
<msg timestamp="20220406 08:20:13.215" level="INFO">id = 20508458</msg>
<msg timestamp="20220406 08:20:13.215" level="INFO">href = https://www.etuovi.com/kohde/20508458</msg>
<msg timestamp="20220406 08:20:13.218" level="INFO">Saved into output file: C:\Users\matti\Documents\RBCORP\Etuovi\devdata\work-items-out\run-5\work-items.json</msg>
<msg timestamp="20220406 08:20:13.218" level="INFO">//input[@name='OWN']
{'class': 'jss12',
 'data-indeterminate': 'false',
 'name': 'OWN',
 'type': 'checkbox',
 'value': ''}
name:PARTIAL_OWNERSHIP
{'class': 'jss12',
 'data-indeterminate': 'false',
 'name': 'PARTIAL_OWNERSHIP',
 'type': 'checkbox',
 'value': ''}

creating item index:0
creating item index:1
creating item index:2
creating item index:3
creating item index:4
creating item index:5
creating item index:6
creating item index:7
creating item index:8
creating item index:9
creating item index:10
creating item index:11
creating item index:12
creating item index:13
creating item index:14
creating item index:15
creating item index:16
creating item index:17
creating item index:18
creating item index:19
creating item index:20
creating item index:21
creating item index:22
creating item index:23
creating item index:24
creating item index:25
creating item index:26
creating item index:27
creating item index:28
creating item index:29
creating item index:30
creating item index:31
creating item index:32
creating item index:33
creating item index:34
creating item index:35
creating item index:36
creating item index:37
creating item index:38
creating item index:39
creating item index:40
creating item index:41
creating item index:42
creating item index:43
creating item index:44
creating item index:45
creating item index:46
creating item index:47
creating item index:48
creating item index:49
creating item index:50
creating item index:51
creating item index:52
creating item index:53
creating item index:54
creating item index:55
creating item index:56
creating item index:57
creating item index:58
creating item index:59
creating item index:60
creating item index:61
creating item index:62
creating item index:63
creating item index:64
creating item index:65
creating item index:66
creating item index:67
creating item index:68
creating item index:69
creating item index:70
creating item index:71
creating item index:72
creating item index:73
creating item index:74
creating item index:75
creating item index:76
creating item index:77
creating item index:78
creating item index:79
creating item index:80
creating item index:81
creating item index:82
creating item index:83
creating item index:84
creating item index:85
creating item index:86
creating item index:87
creating item index:88
creating item index:89
creating item index:90
creating item index:91
creating item index:92
creating item index:93
creating item index:94
creating item index:95
creating item index:96
creating item index:97
creating item index:98
creating item index:99
creating item index:100
creating item index:101
creating item index:102
creating item index:103
creating item index:104
creating item index:105
creating item index:106
creating item index:107
creating item index:108
creating item index:109
creating item index:110
creating item index:111
creating item index:112
creating item index:113
creating item index:114
creating item index:115
creating item index:116
creating item index:117
creating item index:118
creating item index:119
creating item index:120
creating item index:121
creating item index:122
creating item index:123
creating item index:124
creating item index:125
creating item index:126
creating item index:127
creating item index:128
creating item index:129
creating item index:130
creating item index:131
creating item index:132
creating item index:133
creating item index:134
creating item index:135
creating item index:136
creating item index:137
creating item index:138
creating item index:139
creating item index:140
creating item index:141
creating item index:142
creating item index:143
creating item index:144
creating item index:145
creating item index:146
creating item index:147
creating item index:148
creating item index:149
creating item index:150
creating item index:151
creating item index:152
creating item index:153
creating item index:154
creating item index:155
creating item index:156
creating item index:157
creating item index:158
creating item index:159
creating item index:160
creating item index:161
creating item index:162
creating item index:163
creating item index:164
creating item index:165
creating item index:166
creating item index:167
creating item index:168
creating item index:169
creating item index:170
creating item index:171
creating item index:172
creating item index:173
creating item index:174
creating item index:175
creating item index:176
creating item index:177
creating item index:178
creating item index:179
creating item index:180
creating item index:181
creating item index:182
creating item index:183
creating item index:184
creating item index:185
creating item index:186
creating item index:187
creating item index:188
creating item index:189
creating item index:190
creating item index:191
creating item index:192
creating item index:193
creating item index:194
creating item index:195
creating item index:196
creating item index:197
creating item index:198
creating item index:199
creating item index:200
creating item index:201
creating item index:202
creating item index:203
creating item index:204
creating item index:205
creating item index:206
creating item index:207
creating item index:208
creating item index:209
creating item index:210
creating item index:211
creating item index:212
creating item index:213
creating item index:214</msg>
<status status="PASS" starttime="20220406 08:19:57.533" endtime="20220406 08:20:13.220"/>
</kw>
<doc>Get source Excel file from work item.
Read rows from Excel.
Creates output work items per row.</doc>
<status status="PASS" starttime="20220406 08:19:57.526" endtime="20220406 08:20:13.221"/>
</test>
<status status="PASS" starttime="20220406 08:19:54.728" endtime="20220406 08:20:13.225"/>
</suite>
<statistics>
<total>
<stat pass="1" fail="0" skip="0">All Tasks</stat>
</total>
<tag>
</tag>
<suite>
<stat pass="1" fail="0" skip="0" id="s1" name="Producer">Producer</stat>
</suite>
</statistics>
<errors>
</errors>
</robot>
